<?xml version="1.0" encoding="UTF-8"?>
<!-- Generated by org.testng.reporters.JUnitXMLReporter -->
<testsuite ignored="0" hostname="DESKTOP-9HIBJVC" failures="0" tests="4" name="Default test" time="134.856" errors="0" timestamp="2022-04-22T11:48:55 IST">
  <testcase classname="sdet.test.NewContactPage_Test" name="validateCreateContactTest" time="3.786"/>
  <testcase classname="sdet.test.NewContactPage_Test" name="validateCreateContactTest" time="3.811"/>
  <testcase classname="sdet.test.NewContactPage_Test" name="validateCreateContactTest" time="5.315"/>
  <testcase classname="sdet.test.NewContactPage_Test" name="validateCreateContactTest" time="3.64"/>
</testsuite> <!-- Default test -->
