<?xml version="1.0" encoding="UTF-8"?>
<!-- Generated by org.testng.reporters.JUnitXMLReporter -->
<testsuite ignored="0" hostname="DESKTOP-65A7F74" failures="0" tests="4" name="Default test" time="192.203" errors="0" timestamp="26 Apr 2022 09:09:54 GMT">
  <testcase classname="sdet.tests.NewContactPageTest" name="validatenewContact" time="2.806"/>
  <testcase classname="sdet.tests.NewContactPageTest" name="validatenewContact" time="2.129"/>
  <testcase classname="sdet.tests.NewContactPageTest" name="validatenewContact" time="3.003"/>
  <testcase classname="sdet.tests.NewContactPageTest" name="validatenewContact" time="2.174"/>
</testsuite> <!-- Default test -->
