<?xml version="1.0" encoding="UTF-8"?>
<!-- Generated by org.testng.reporters.JUnitXMLReporter -->
<testsuite hostname="DESKTOP-QA7T95C" ignored="1" name="Test(failed)(failed)" tests="1" failures="0" timestamp="2022-04-14T21:46:53 IST" time="21.839" errors="0">
  <testcase name="validateLogoTest" time="0.439" classname="sdet.tests.LoginPageTest"/>
  <testcase name="validateLoginTest" time="0.0" classname="sdet.tests.LoginPageTest">
    <ignored/>
  </testcase> <!-- validateLoginTest -->
</testsuite> <!-- Test(failed)(failed) -->
