<?xml version="1.0" encoding="UTF-8"?>
<!-- Generated by org.testng.reporters.JUnitXMLReporter -->
<testsuite ignored="0" hostname="DESKTOP-E487H2M" failures="0" tests="7" name="LoginTest" time="49.732" errors="0" timestamp="2022-04-14T15:00:40 IST">
  <testcase classname="sdet.test.LoginTest_003" name="validateLoginTest1" time="5.966"/>
  <testcase classname="sdet.test.LoginTest_003" name="validateLoginTest2" time="2.176"/>
  <testcase classname="sdet.test.LoginTest_003" name="validateLoginTest3" time="1.85"/>
  <testcase classname="sdet.test.LoginTest_003" name="validateLoginTest4" time="1.853"/>
  <testcase classname="sdet.test.LoginTest_003" name="validateLoginTest5" time="0.307"/>
  <testcase classname="sdet.test.LoginTest_003" name="validateLoginTest6" time="0.443"/>
  <testcase classname="sdet.test.LoginTest_003" name="validateLoginTest7" time="0.247"/>
</testsuite> <!-- LoginTest -->
