<?xml version="1.0" encoding="UTF-8"?>
<!-- Generated by org.testng.reporters.JUnitXMLReporter -->
<testsuite ignored="0" hostname="DESKTOP-E487H2M" failures="1" tests="2" name="Test" time="25.69" errors="0" timestamp="2022-04-15T00:41:24 IST">
  <testcase classname="sdet.test.Login_Page_Test" name="validateLoginTest" time="9.156"/>
  <testcase classname="sdet.test.Login_Page_Test" name="validateLogoTest" time="0.133">
    <failure type="java.lang.AssertionError" message="expected [false] but found [true]">
      <![CDATA[java.lang.AssertionError: expected [false] but found [true]
at sdet.test.Login_Page_Test.validateLogoTest(Login_Page_Test.java:27)
at java.base/java.util.ArrayList.forEach(ArrayList.java:1511)
... Removed 33 stack frames]]>
    </failure>
  </testcase> <!-- validateLogoTest -->
</testsuite> <!-- Test -->
