<?xml version="1.0" encoding="UTF-8"?>
<!-- Generated by org.testng.reporters.JUnitXMLReporter -->
<testsuite ignored="1" hostname="DESKTOP-65A7F74" failures="0" tests="1" name="Default test(failed)(failed)" time="8.956" errors="0" timestamp="18 Apr 2022 02:48:31 GMT">
  <testcase classname="sdet.tests.LoginPageTest" name="validLogoTest" time="0.122"/>
  <testcase classname="sdet.tests.LoginPageTest" name="validateLoginTest" time="0.0">
    <ignored/>
  </testcase> <!-- validateLoginTest -->
</testsuite> <!-- Default test(failed)(failed) -->
