<?xml version="1.0" encoding="UTF-8"?>
<!-- Generated by org.testng.reporters.JUnitXMLReporter -->
<testsuite ignored="1" hostname="DESKTOP-9HIBJVC" failures="0" tests="1" name="Test(failed)" time="21.135" errors="0" timestamp="2022-04-15T11:13:23 IST">
  <testcase classname="sdet.test.Login_page_Test" name="validateLogoTest" time="0.219"/>
  <testcase classname="sdet.test.Login_page_Test" name="validateLoginTest" time="0.0">
    <ignored/>
  </testcase> <!-- validateLoginTest -->
</testsuite> <!-- Test(failed) -->
