<?xml version="1.0" encoding="UTF-8"?>
<testng-results ignored="0" total="1" passed="1" failed="0" skipped="0">
  <reporter-output>
  </reporter-output>
  <suite started-at="2022-04-23T16:30:33 IST" name="Default suite" finished-at="2022-04-23T16:30:52 IST" duration-ms="18998">
    <groups>
    </groups>
    <test started-at="2022-04-23T16:30:33 IST" name="Default test" finished-at="2022-04-23T16:30:52 IST" duration-ms="18998">
      <class name="sdet.test_PracticeDemo.LoginPageTestDemo">
        <test-method is-config="true" signature="setUp()[pri:0, instance:sdet.test_PracticeDemo.LoginPageTestDemo@614ca7df]" started-at="2022-04-23T16:30:33 IST" name="setUp" finished-at="2022-04-23T16:30:42 IST" duration-ms="8682" status="PASS">
          <reporter-output>
          </reporter-output>
        </test-method> <!-- setUp -->
        <test-method signature="valildateLoginTestDemo()[pri:0, instance:sdet.test_PracticeDemo.LoginPageTestDemo@614ca7df]" started-at="2022-04-23T16:30:42 IST" name="valildateLoginTestDemo" finished-at="2022-04-23T16:30:52 IST" duration-ms="10015" status="PASS">
          <reporter-output>
          </reporter-output>
        </test-method> <!-- valildateLoginTestDemo -->
        <test-method is-config="true" signature="closeResources()[pri:0, instance:sdet.test_PracticeDemo.LoginPageTestDemo@614ca7df]" started-at="2022-04-23T16:30:52 IST" name="closeResources" finished-at="2022-04-23T16:30:52 IST" duration-ms="206" status="PASS">
          <reporter-output>
          </reporter-output>
        </test-method> <!-- closeResources -->
      </class> <!-- sdet.test_PracticeDemo.LoginPageTestDemo -->
    </test> <!-- Default test -->
  </suite> <!-- Default suite -->
</testng-results>
