<?xml version="1.0" encoding="UTF-8"?>
<testng-results ignored="0" total="4" passed="4" failed="0" skipped="0">
  <reporter-output>
  </reporter-output>
  <suite started-at="2022-04-26T09:06:42Z" name="Default suite" finished-at="2022-04-26T09:09:54Z" duration-ms="192203">
    <groups>
    </groups>
    <test started-at="2022-04-26T09:06:42Z" name="Default test" finished-at="2022-04-26T09:09:54Z" duration-ms="192203">
      <class name="sdet.tests.NewContactPageTest">
        <test-method is-config="true" signature="setUp()[pri:0, instance:sdet.tests.NewContactPageTest@74a6f9c1]" started-at="2022-04-26T09:06:43Z" name="setUp" finished-at="2022-04-26T09:07:56Z" duration-ms="72336" status="PASS">
          <reporter-output>
          </reporter-output>
        </test-method> <!-- setUp -->
        <test-method signature="validatenewContact(java.lang.String, java.lang.String, java.lang.String)[pri:0, instance:sdet.tests.NewContactPageTest@74a6f9c1]" started-at="2022-04-26T09:07:56Z" name="validatenewContact" data-provider="testData" finished-at="2022-04-26T09:07:58Z" duration-ms="2806" status="PASS">
          <params>
            <param index="0">
              <value>
                <![CDATA[firstname]]>
              </value>
            </param>
            <param index="1">
              <value>
                <![CDATA[lastname]]>
              </value>
            </param>
            <param index="2">
              <value>
                <![CDATA[company]]>
              </value>
            </param>
          </params>
          <reporter-output>
          </reporter-output>
        </test-method> <!-- validatenewContact -->
        <test-method is-config="true" signature="close()[pri:0, instance:sdet.tests.NewContactPageTest@74a6f9c1]" started-at="2022-04-26T09:07:58Z" name="close" finished-at="2022-04-26T09:08:01Z" duration-ms="3120" status="PASS">
          <reporter-output>
          </reporter-output>
        </test-method> <!-- close -->
        <test-method is-config="true" signature="setUp()[pri:0, instance:sdet.tests.NewContactPageTest@74a6f9c1]" started-at="2022-04-26T09:08:01Z" name="setUp" finished-at="2022-04-26T09:08:52Z" duration-ms="50972" status="PASS">
          <reporter-output>
          </reporter-output>
        </test-method> <!-- setUp -->
        <test-method signature="validatenewContact(java.lang.String, java.lang.String, java.lang.String)[pri:0, instance:sdet.tests.NewContactPageTest@74a6f9c1]" started-at="2022-04-26T09:08:52Z" name="validatenewContact" data-provider="testData" finished-at="2022-04-26T09:08:55Z" duration-ms="2129" status="PASS">
          <params>
            <param index="0">
              <value>
                <![CDATA[Sarang ]]>
              </value>
            </param>
            <param index="1">
              <value>
                <![CDATA[kadam]]>
              </value>
            </param>
            <param index="2">
              <value>
                <![CDATA[Meta]]>
              </value>
            </param>
          </params>
          <reporter-output>
          </reporter-output>
        </test-method> <!-- validatenewContact -->
        <test-method is-config="true" signature="close()[pri:0, instance:sdet.tests.NewContactPageTest@74a6f9c1]" started-at="2022-04-26T09:08:55Z" name="close" finished-at="2022-04-26T09:08:58Z" duration-ms="3141" status="PASS">
          <reporter-output>
          </reporter-output>
        </test-method> <!-- close -->
        <test-method is-config="true" signature="setUp()[pri:0, instance:sdet.tests.NewContactPageTest@74a6f9c1]" started-at="2022-04-26T09:08:58Z" name="setUp" finished-at="2022-04-26T09:09:15Z" duration-ms="16965" status="PASS">
          <reporter-output>
          </reporter-output>
        </test-method> <!-- setUp -->
        <test-method signature="validatenewContact(java.lang.String, java.lang.String, java.lang.String)[pri:0, instance:sdet.tests.NewContactPageTest@74a6f9c1]" started-at="2022-04-26T09:09:15Z" name="validatenewContact" data-provider="testData" finished-at="2022-04-26T09:09:18Z" duration-ms="3003" status="PASS">
          <params>
            <param index="0">
              <value>
                <![CDATA[Kadam]]>
              </value>
            </param>
            <param index="1">
              <value>
                <![CDATA[Sarang]]>
              </value>
            </param>
            <param index="2">
              <value>
                <![CDATA[Meta]]>
              </value>
            </param>
          </params>
          <reporter-output>
          </reporter-output>
        </test-method> <!-- validatenewContact -->
        <test-method is-config="true" signature="close()[pri:0, instance:sdet.tests.NewContactPageTest@74a6f9c1]" started-at="2022-04-26T09:09:18Z" name="close" finished-at="2022-04-26T09:09:21Z" duration-ms="3160" status="PASS">
          <reporter-output>
          </reporter-output>
        </test-method> <!-- close -->
        <test-method is-config="true" signature="setUp()[pri:0, instance:sdet.tests.NewContactPageTest@74a6f9c1]" started-at="2022-04-26T09:09:21Z" name="setUp" finished-at="2022-04-26T09:09:49Z" duration-ms="28291" status="PASS">
          <reporter-output>
          </reporter-output>
        </test-method> <!-- setUp -->
        <test-method signature="validatenewContact(java.lang.String, java.lang.String, java.lang.String)[pri:0, instance:sdet.tests.NewContactPageTest@74a6f9c1]" started-at="2022-04-26T09:09:49Z" name="validatenewContact" data-provider="testData" finished-at="2022-04-26T09:09:51Z" duration-ms="2174" status="PASS">
          <params>
            <param index="0">
              <value>
                <![CDATA[Saaang]]>
              </value>
            </param>
            <param index="1">
              <value>
                <![CDATA[kadam]]>
              </value>
            </param>
            <param index="2">
              <value>
                <![CDATA[Meta]]>
              </value>
            </param>
          </params>
          <reporter-output>
          </reporter-output>
        </test-method> <!-- validatenewContact -->
        <test-method is-config="true" signature="close()[pri:0, instance:sdet.tests.NewContactPageTest@74a6f9c1]" started-at="2022-04-26T09:09:51Z" name="close" finished-at="2022-04-26T09:09:54Z" duration-ms="3149" status="PASS">
          <reporter-output>
          </reporter-output>
        </test-method> <!-- close -->
      </class> <!-- sdet.tests.NewContactPageTest -->
    </test> <!-- Default test -->
  </suite> <!-- Default suite -->
</testng-results>
